<?xml version="1.0" encoding="UTF-8" ?>
<testsuite failures="0" time="1.391" errors="0" skipped="0" tests="13" name="org.springframework.samples.petclinic.jpa.HibernateEntityManagerClinicTests">
  <properties>
    <property name="java.runtime.name" value="Java(TM) SE Runtime Environment"/>
    <property name="sun.boot.library.path" value="/System/Library/Java/JavaVirtualMachines/1.6.0.jdk/Contents/Libraries"/>
    <property name="java.vm.version" value="20.1-b02-384"/>
    <property name="awt.nativeDoubleBuffering" value="true"/>
    <property name="gopherProxySet" value="false"/>
    <property name="mrj.build" value="10M3425"/>
    <property name="java.vm.vendor" value="Apple Inc."/>
    <property name="java.vendor.url" value="http://www.apple.com/"/>
    <property name="path.separator" value=":"/>
    <property name="java.vm.name" value="Java HotSpot(TM) 64-Bit Server VM"/>
    <property name="file.encoding.pkg" value="sun.io"/>
    <property name="user.country" value="US"/>
    <property name="sun.java.launcher" value="SUN_STANDARD"/>
    <property name="sun.os.patch.level" value="unknown"/>
    <property name="java.vm.specification.name" value="Java Virtual Machine Specification"/>
    <property name="user.dir" value="/Users/reaapi/IdeaProjects/petclinic"/>
    <property name="java.runtime.version" value="1.6.0_26-b03-384-10M3425"/>
    <property name="java.awt.graphicsenv" value="apple.awt.CGraphicsEnvironment"/>
    <property name="basedir" value="/Users/reaapi/IdeaProjects/petclinic"/>
    <property name="java.endorsed.dirs" value="/System/Library/Java/JavaVirtualMachines/1.6.0.jdk/Contents/Home/lib/endorsed"/>
    <property name="os.arch" value="x86_64"/>
    <property name="surefire.real.class.path" value="/Users/reaapi/IdeaProjects/petclinic/target/surefire/surefirebooter2523054695755000619.jar"/>
    <property name="java.io.tmpdir" value="/var/folders/tT/tTJ+oYpJHYaLswNJGOCRYk+++TI/-Tmp-/"/>
    <property name="line.separator" value="
"/>
    <property name="java.vm.specification.vendor" value="Sun Microsystems Inc."/>
    <property name="os.name" value="Mac OS X"/>
    <property name="sun.jnu.encoding" value="MacRoman"/>
    <property name="java.library.path" value="/Applications/IntelliJ IDEA 10 CE.app/Contents/Resources/Java:/System/Library/PrivateFrameworks/JavaApplicationLauncher.framework/Resources:.:/Library/Java/Extensions:/System/Library/Java/Extensions:/usr/lib/java"/>
    <property name="surefire.test.class.path" value="/Users/reaapi/IdeaProjects/petclinic/target/test-classes:/Users/reaapi/IdeaProjects/petclinic/target/classes:/Users/reaapi/.m2/repository/org/springframework/org.springframework.context/3.0.0.RELEASE/org.springframework.context-3.0.0.RELEASE.jar:/Users/reaapi/.m2/repository/org/springframework/org.springframework.asm/3.0.0.RELEASE/org.springframework.asm-3.0.0.RELEASE.jar:/Users/reaapi/.m2/repository/org/springframework/org.springframework.aop/3.0.0.RELEASE/org.springframework.aop-3.0.0.RELEASE.jar:/Users/reaapi/.m2/repository/org/aopalliance/com.springsource.org.aopalliance/1.0.0/com.springsource.org.aopalliance-1.0.0.jar:/Users/reaapi/.m2/repository/org/springframework/org.springframework.beans/3.0.0.RELEASE/org.springframework.beans-3.0.0.RELEASE.jar:/Users/reaapi/.m2/repository/org/springframework/org.springframework.core/3.0.0.RELEASE/org.springframework.core-3.0.0.RELEASE.jar:/Users/reaapi/.m2/repository/org/springframework/org.springframework.expression/3.0.0.RELEASE/org.springframework.expression-3.0.0.RELEASE.jar:/Users/reaapi/.m2/repository/org/springframework/org.springframework.orm/3.0.0.RELEASE/org.springframework.orm-3.0.0.RELEASE.jar:/Users/reaapi/.m2/repository/org/springframework/org.springframework.jdbc/3.0.0.RELEASE/org.springframework.jdbc-3.0.0.RELEASE.jar:/Users/reaapi/.m2/repository/org/springframework/org.springframework.transaction/3.0.0.RELEASE/org.springframework.transaction-3.0.0.RELEASE.jar:/Users/reaapi/.m2/repository/org/springframework/org.springframework.oxm/3.0.0.RELEASE/org.springframework.oxm-3.0.0.RELEASE.jar:/Users/reaapi/.m2/repository/org/springframework/org.springframework.web.servlet/3.0.0.RELEASE/org.springframework.web.servlet-3.0.0.RELEASE.jar:/Users/reaapi/.m2/repository/org/springframework/org.springframework.web/3.0.0.RELEASE/org.springframework.web-3.0.0.RELEASE.jar:/Users/reaapi/.m2/repository/org/springframework/org.springframework.aspects/3.0.0.RELEASE/org.springframework.aspects-3.0.0.RELEASE.jar:/Users/reaapi/.m2/repository/org/aspectj/com.springsource.org.aspectj.weaver/1.6.8.RELEASE/com.springsource.org.aspectj.weaver-1.6.8.RELEASE.jar:/Users/reaapi/.m2/repository/org/slf4j/com.springsource.slf4j.api/1.5.6/com.springsource.slf4j.api-1.5.6.jar:/Users/reaapi/.m2/repository/org/slf4j/com.springsource.slf4j.org.apache.commons.logging/1.5.6/com.springsource.slf4j.org.apache.commons.logging-1.5.6.jar:/Users/reaapi/.m2/repository/org/slf4j/com.springsource.slf4j.log4j/1.5.6/com.springsource.slf4j.log4j-1.5.6.jar:/Users/reaapi/.m2/repository/org/apache/log4j/com.springsource.org.apache.log4j/1.2.15/com.springsource.org.apache.log4j-1.2.15.jar:/Users/reaapi/.m2/repository/org/apache/commons/com.springsource.org.apache.commons.dbcp/1.2.2.osgi/com.springsource.org.apache.commons.dbcp-1.2.2.osgi.jar:/Users/reaapi/.m2/repository/org/apache/commons/com.springsource.org.apache.commons.pool/1.5.3/com.springsource.org.apache.commons.pool-1.5.3.jar:/Users/reaapi/.m2/repository/org/hsqldb/com.springsource.org.hsqldb/1.8.0.9/com.springsource.org.hsqldb-1.8.0.9.jar:/Users/reaapi/.m2/repository/org/hibernate/com.springsource.org.hibernate/3.3.2.GA/com.springsource.org.hibernate-3.3.2.GA.jar:/Users/reaapi/.m2/repository/net/sourceforge/cglib/com.springsource.net.sf.cglib/2.2.0/com.springsource.net.sf.cglib-2.2.0.jar:/Users/reaapi/.m2/repository/org/antlr/com.springsource.antlr/2.7.6/com.springsource.antlr-2.7.6.jar:/Users/reaapi/.m2/repository/org/apache/commons/com.springsource.org.apache.commons.collections/3.2.1/com.springsource.org.apache.commons.collections-3.2.1.jar:/Users/reaapi/.m2/repository/org/dom4j/com.springsource.org.dom4j/1.6.1/com.springsource.org.dom4j-1.6.1.jar:/Users/reaapi/.m2/repository/org/jboss/javassist/com.springsource.javassist/3.9.0.GA/com.springsource.javassist-3.9.0.GA.jar:/Users/reaapi/.m2/repository/org/objectweb/asm/com.springsource.org.objectweb.asm/1.5.3/com.springsource.org.objectweb.asm-1.5.3.jar:/Users/reaapi/.m2/repository/javax/persistence/com.springsource.javax.persistence/1.0.0/com.springsource.javax.persistence-1.0.0.jar:/Users/reaapi/.m2/repository/com/oracle/toplink/essentials/com.springsource.oracle.toplink.essentials/2.0.0.b41-beta2/com.springsource.oracle.toplink.essentials-2.0.0.b41-beta2.jar:/Users/reaapi/.m2/repository/org/hibernate/com.springsource.org.hibernate.ejb/3.4.0.GA/com.springsource.org.hibernate.ejb-3.4.0.GA.jar:/Users/reaapi/.m2/repository/org/hibernate/com.springsource.org.hibernate.annotations.common/3.3.0.ga/com.springsource.org.hibernate.annotations.common-3.3.0.ga.jar:/Users/reaapi/.m2/repository/org/jboss/util/com.springsource.org.jboss.util/2.0.4.GA/com.springsource.org.jboss.util-2.0.4.GA.jar:/Users/reaapi/.m2/repository/edu/oswego/cs/concurrent/com.springsource.edu.oswego.cs.dl.util.concurrent/1.3.4/com.springsource.edu.oswego.cs.dl.util.concurrent-1.3.4.jar:/Users/reaapi/.m2/repository/org/hibernate/com.springsource.org.hibernate.annotations/3.4.0.GA/com.springsource.org.hibernate.annotations-3.4.0.GA.jar:/Users/reaapi/.m2/repository/org/apache/openjpa/com.springsource.org.apache.openjpa/1.1.0/com.springsource.org.apache.openjpa-1.1.0.jar:/Users/reaapi/.m2/repository/net/sourceforge/serp/com.springsource.serp/1.13.1/com.springsource.serp-1.13.1.jar:/Users/reaapi/.m2/repository/org/apache/commons/com.springsource.org.apache.commons.lang/2.1.0/com.springsource.org.apache.commons.lang-2.1.0.jar:/Users/reaapi/.m2/repository/javax/servlet/com.springsource.javax.servlet/2.5.0/com.springsource.javax.servlet-2.5.0.jar:/Users/reaapi/.m2/repository/javax/servlet/com.springsource.javax.servlet.jsp/2.1.0/com.springsource.javax.servlet.jsp-2.1.0.jar:/Users/reaapi/.m2/repository/javax/servlet/com.springsource.javax.servlet.jsp.jstl/1.2.0/com.springsource.javax.servlet.jsp.jstl-1.2.0.jar:/Users/reaapi/.m2/repository/org/apache/taglibs/com.springsource.org.apache.taglibs.standard/1.1.2/com.springsource.org.apache.taglibs.standard-1.1.2.jar:/Users/reaapi/.m2/repository/com/sun/syndication/com.springsource.com.sun.syndication/1.0.0/com.springsource.com.sun.syndication-1.0.0.jar:/Users/reaapi/.m2/repository/org/jdom/com.springsource.org.jdom/1.1.0/com.springsource.org.jdom-1.1.0.jar:/Users/reaapi/.m2/repository/javax/xml/bind/com.springsource.javax.xml.bind/2.1.7/com.springsource.javax.xml.bind-2.1.7.jar:/Users/reaapi/.m2/repository/org/junit/com.springsource.org.junit/4.7.0/com.springsource.org.junit-4.7.0.jar:/Users/reaapi/.m2/repository/org/springframework/org.springframework.test/3.0.0.RELEASE/org.springframework.test-3.0.0.RELEASE.jar:/Users/reaapi/.m2/repository/javax/transaction/com.springsource.javax.transaction/1.1.0/com.springsource.javax.transaction-1.1.0.jar:"/>
    <property name="java.specification.name" value="Java Platform API Specification"/>
    <property name="java.class.version" value="50.0"/>
    <property name="sun.management.compiler" value="HotSpot 64-Bit Tiered Compilers"/>
    <property name="os.version" value="10.6.8"/>
    <property name="http.nonProxyHosts" value="local|*.local|169.254/16|*.169.254/16|localhost|*.localhost|10.29.2.6|127.0.0.1|10.29.2.11|agentdesktop.cp-subs-reporting.vpc.realestate.com.au|*.agentdesktop.cp-subs-reporting.vpc.realestate.com.au"/>
    <property name="user.home" value="/Users/reaapi"/>
    <property name="user.timezone" value="GMT+08:00"/>
    <property name="java.awt.printerjob" value="apple.awt.CPrinterJob"/>
    <property name="java.specification.version" value="1.6"/>
    <property name="file.encoding" value="MacRoman"/>
    <property name="user.name" value="reaapi"/>
    <property name="java.class.path" value="/Users/reaapi/IdeaProjects/petclinic/target/test-classes:/Users/reaapi/IdeaProjects/petclinic/target/classes:/Users/reaapi/.m2/repository/org/springframework/org.springframework.context/3.0.0.RELEASE/org.springframework.context-3.0.0.RELEASE.jar:/Users/reaapi/.m2/repository/org/springframework/org.springframework.asm/3.0.0.RELEASE/org.springframework.asm-3.0.0.RELEASE.jar:/Users/reaapi/.m2/repository/org/springframework/org.springframework.aop/3.0.0.RELEASE/org.springframework.aop-3.0.0.RELEASE.jar:/Users/reaapi/.m2/repository/org/aopalliance/com.springsource.org.aopalliance/1.0.0/com.springsource.org.aopalliance-1.0.0.jar:/Users/reaapi/.m2/repository/org/springframework/org.springframework.beans/3.0.0.RELEASE/org.springframework.beans-3.0.0.RELEASE.jar:/Users/reaapi/.m2/repository/org/springframework/org.springframework.core/3.0.0.RELEASE/org.springframework.core-3.0.0.RELEASE.jar:/Users/reaapi/.m2/repository/org/springframework/org.springframework.expression/3.0.0.RELEASE/org.springframework.expression-3.0.0.RELEASE.jar:/Users/reaapi/.m2/repository/org/springframework/org.springframework.orm/3.0.0.RELEASE/org.springframework.orm-3.0.0.RELEASE.jar:/Users/reaapi/.m2/repository/org/springframework/org.springframework.jdbc/3.0.0.RELEASE/org.springframework.jdbc-3.0.0.RELEASE.jar:/Users/reaapi/.m2/repository/org/springframework/org.springframework.transaction/3.0.0.RELEASE/org.springframework.transaction-3.0.0.RELEASE.jar:/Users/reaapi/.m2/repository/org/springframework/org.springframework.oxm/3.0.0.RELEASE/org.springframework.oxm-3.0.0.RELEASE.jar:/Users/reaapi/.m2/repository/org/springframework/org.springframework.web.servlet/3.0.0.RELEASE/org.springframework.web.servlet-3.0.0.RELEASE.jar:/Users/reaapi/.m2/repository/org/springframework/org.springframework.web/3.0.0.RELEASE/org.springframework.web-3.0.0.RELEASE.jar:/Users/reaapi/.m2/repository/org/springframework/org.springframework.aspects/3.0.0.RELEASE/org.springframework.aspects-3.0.0.RELEASE.jar:/Users/reaapi/.m2/repository/org/aspectj/com.springsource.org.aspectj.weaver/1.6.8.RELEASE/com.springsource.org.aspectj.weaver-1.6.8.RELEASE.jar:/Users/reaapi/.m2/repository/org/slf4j/com.springsource.slf4j.api/1.5.6/com.springsource.slf4j.api-1.5.6.jar:/Users/reaapi/.m2/repository/org/slf4j/com.springsource.slf4j.org.apache.commons.logging/1.5.6/com.springsource.slf4j.org.apache.commons.logging-1.5.6.jar:/Users/reaapi/.m2/repository/org/slf4j/com.springsource.slf4j.log4j/1.5.6/com.springsource.slf4j.log4j-1.5.6.jar:/Users/reaapi/.m2/repository/org/apache/log4j/com.springsource.org.apache.log4j/1.2.15/com.springsource.org.apache.log4j-1.2.15.jar:/Users/reaapi/.m2/repository/org/apache/commons/com.springsource.org.apache.commons.dbcp/1.2.2.osgi/com.springsource.org.apache.commons.dbcp-1.2.2.osgi.jar:/Users/reaapi/.m2/repository/org/apache/commons/com.springsource.org.apache.commons.pool/1.5.3/com.springsource.org.apache.commons.pool-1.5.3.jar:/Users/reaapi/.m2/repository/org/hsqldb/com.springsource.org.hsqldb/1.8.0.9/com.springsource.org.hsqldb-1.8.0.9.jar:/Users/reaapi/.m2/repository/org/hibernate/com.springsource.org.hibernate/3.3.2.GA/com.springsource.org.hibernate-3.3.2.GA.jar:/Users/reaapi/.m2/repository/net/sourceforge/cglib/com.springsource.net.sf.cglib/2.2.0/com.springsource.net.sf.cglib-2.2.0.jar:/Users/reaapi/.m2/repository/org/antlr/com.springsource.antlr/2.7.6/com.springsource.antlr-2.7.6.jar:/Users/reaapi/.m2/repository/org/apache/commons/com.springsource.org.apache.commons.collections/3.2.1/com.springsource.org.apache.commons.collections-3.2.1.jar:/Users/reaapi/.m2/repository/org/dom4j/com.springsource.org.dom4j/1.6.1/com.springsource.org.dom4j-1.6.1.jar:/Users/reaapi/.m2/repository/org/jboss/javassist/com.springsource.javassist/3.9.0.GA/com.springsource.javassist-3.9.0.GA.jar:/Users/reaapi/.m2/repository/org/objectweb/asm/com.springsource.org.objectweb.asm/1.5.3/com.springsource.org.objectweb.asm-1.5.3.jar:/Users/reaapi/.m2/repository/javax/persistence/com.springsource.javax.persistence/1.0.0/com.springsource.javax.persistence-1.0.0.jar:/Users/reaapi/.m2/repository/com/oracle/toplink/essentials/com.springsource.oracle.toplink.essentials/2.0.0.b41-beta2/com.springsource.oracle.toplink.essentials-2.0.0.b41-beta2.jar:/Users/reaapi/.m2/repository/org/hibernate/com.springsource.org.hibernate.ejb/3.4.0.GA/com.springsource.org.hibernate.ejb-3.4.0.GA.jar:/Users/reaapi/.m2/repository/org/hibernate/com.springsource.org.hibernate.annotations.common/3.3.0.ga/com.springsource.org.hibernate.annotations.common-3.3.0.ga.jar:/Users/reaapi/.m2/repository/org/jboss/util/com.springsource.org.jboss.util/2.0.4.GA/com.springsource.org.jboss.util-2.0.4.GA.jar:/Users/reaapi/.m2/repository/edu/oswego/cs/concurrent/com.springsource.edu.oswego.cs.dl.util.concurrent/1.3.4/com.springsource.edu.oswego.cs.dl.util.concurrent-1.3.4.jar:/Users/reaapi/.m2/repository/org/hibernate/com.springsource.org.hibernate.annotations/3.4.0.GA/com.springsource.org.hibernate.annotations-3.4.0.GA.jar:/Users/reaapi/.m2/repository/org/apache/openjpa/com.springsource.org.apache.openjpa/1.1.0/com.springsource.org.apache.openjpa-1.1.0.jar:/Users/reaapi/.m2/repository/net/sourceforge/serp/com.springsource.serp/1.13.1/com.springsource.serp-1.13.1.jar:/Users/reaapi/.m2/repository/org/apache/commons/com.springsource.org.apache.commons.lang/2.1.0/com.springsource.org.apache.commons.lang-2.1.0.jar:/Users/reaapi/.m2/repository/javax/servlet/com.springsource.javax.servlet/2.5.0/com.springsource.javax.servlet-2.5.0.jar:/Users/reaapi/.m2/repository/javax/servlet/com.springsource.javax.servlet.jsp/2.1.0/com.springsource.javax.servlet.jsp-2.1.0.jar:/Users/reaapi/.m2/repository/javax/servlet/com.springsource.javax.servlet.jsp.jstl/1.2.0/com.springsource.javax.servlet.jsp.jstl-1.2.0.jar:/Users/reaapi/.m2/repository/org/apache/taglibs/com.springsource.org.apache.taglibs.standard/1.1.2/com.springsource.org.apache.taglibs.standard-1.1.2.jar:/Users/reaapi/.m2/repository/com/sun/syndication/com.springsource.com.sun.syndication/1.0.0/com.springsource.com.sun.syndication-1.0.0.jar:/Users/reaapi/.m2/repository/org/jdom/com.springsource.org.jdom/1.1.0/com.springsource.org.jdom-1.1.0.jar:/Users/reaapi/.m2/repository/javax/xml/bind/com.springsource.javax.xml.bind/2.1.7/com.springsource.javax.xml.bind-2.1.7.jar:/Users/reaapi/.m2/repository/org/junit/com.springsource.org.junit/4.7.0/com.springsource.org.junit-4.7.0.jar:/Users/reaapi/.m2/repository/org/springframework/org.springframework.test/3.0.0.RELEASE/org.springframework.test-3.0.0.RELEASE.jar:/Users/reaapi/.m2/repository/javax/transaction/com.springsource.javax.transaction/1.1.0/com.springsource.javax.transaction-1.1.0.jar:"/>
    <property name="java.vm.specification.version" value="1.0"/>
    <property name="sun.arch.data.model" value="64"/>
    <property name="java.home" value="/System/Library/Java/JavaVirtualMachines/1.6.0.jdk/Contents/Home"/>
    <property name="sun.java.command" value="/Users/reaapi/IdeaProjects/petclinic/target/surefire/surefirebooter2523054695755000619.jar /Users/reaapi/IdeaProjects/petclinic/target/surefire/surefire9081613465941650176tmp /Users/reaapi/IdeaProjects/petclinic/target/surefire/surefire916763408021757700tmp"/>
    <property name="java.specification.vendor" value="Sun Microsystems Inc."/>
    <property name="user.language" value="en"/>
    <property name="awt.toolkit" value="apple.awt.CToolkit"/>
    <property name="java.vm.info" value="mixed mode"/>
    <property name="java.version" value="1.6.0_26"/>
    <property name="java.ext.dirs" value="/Library/Java/Extensions:/System/Library/Java/Extensions:/System/Library/Java/JavaVirtualMachines/1.6.0.jdk/Contents/Home/lib/ext"/>
    <property name="sun.boot.class.path" value="/System/Library/Java/JavaVirtualMachines/1.6.0.jdk/Contents/Classes/jsfd.jar:/System/Library/Java/JavaVirtualMachines/1.6.0.jdk/Contents/Classes/classes.jar:/System/Library/Frameworks/JavaVM.framework/Frameworks/JavaRuntimeSupport.framework/Resources/Java/JavaRuntimeSupport.jar:/System/Library/Java/JavaVirtualMachines/1.6.0.jdk/Contents/Classes/ui.jar:/System/Library/Java/JavaVirtualMachines/1.6.0.jdk/Contents/Classes/laf.jar:/System/Library/Java/JavaVirtualMachines/1.6.0.jdk/Contents/Classes/sunrsasign.jar:/System/Library/Java/JavaVirtualMachines/1.6.0.jdk/Contents/Classes/jsse.jar:/System/Library/Java/JavaVirtualMachines/1.6.0.jdk/Contents/Classes/jce.jar:/System/Library/Java/JavaVirtualMachines/1.6.0.jdk/Contents/Classes/charsets.jar"/>
    <property name="java.vendor" value="Apple Inc."/>
    <property name="localRepository" value="/Users/reaapi/.m2/repository"/>
    <property name="file.separator" value="/"/>
    <property name="java.vendor.url.bug" value="http://bugreport.apple.com/"/>
    <property name="sun.cpu.endian" value="little"/>
    <property name="sun.io.unicode.encoding" value="UnicodeLittle"/>
    <property name="mrj.version" value="1060.1.6.0_26-384"/>
    <property name="socksNonProxyHosts" value="local|*.local|169.254/16|*.169.254/16|localhost|*.localhost|10.29.2.6|127.0.0.1|10.29.2.11|agentdesktop.cp-subs-reporting.vpc.realestate.com.au|*.agentdesktop.cp-subs-reporting.vpc.realestate.com.au"/>
    <property name="ftp.nonProxyHosts" value="local|*.local|169.254/16|*.169.254/16|localhost|*.localhost|10.29.2.6|127.0.0.1|10.29.2.11|agentdesktop.cp-subs-reporting.vpc.realestate.com.au|*.agentdesktop.cp-subs-reporting.vpc.realestate.com.au"/>
    <property name="sun.cpu.isalist" value=""/>
  </properties>
  <testcase time="1.277" classname="org.springframework.samples.petclinic.jpa.HibernateEntityManagerClinicTests" name="testUsageLogAspectIsInvoked"/>
  <testcase time="0.004" classname="org.springframework.samples.petclinic.jpa.HibernateEntityManagerClinicTests" name="testBogusJpql"/>
  <testcase time="0.003" classname="org.springframework.samples.petclinic.jpa.HibernateEntityManagerClinicTests" name="testApplicationManaged"/>
  <testcase time="0.029" classname="org.springframework.samples.petclinic.jpa.HibernateEntityManagerClinicTests" name="testGetVets"/>
  <testcase time="0.006" classname="org.springframework.samples.petclinic.jpa.HibernateEntityManagerClinicTests" name="testGetPetTypes"/>
  <testcase time="0.011" classname="org.springframework.samples.petclinic.jpa.HibernateEntityManagerClinicTests" name="testFindOwners"/>
  <testcase time="0.005" classname="org.springframework.samples.petclinic.jpa.HibernateEntityManagerClinicTests" name="testLoadOwner"/>
  <testcase time="0.013" classname="org.springframework.samples.petclinic.jpa.HibernateEntityManagerClinicTests" name="testInsertOwner"/>
  <testcase time="0.008" classname="org.springframework.samples.petclinic.jpa.HibernateEntityManagerClinicTests" name="testUpdateOwner"/>
  <testcase time="0.007" classname="org.springframework.samples.petclinic.jpa.HibernateEntityManagerClinicTests" name="testLoadPet"/>
  <testcase time="0.012" classname="org.springframework.samples.petclinic.jpa.HibernateEntityManagerClinicTests" name="testInsertPet"/>
  <testcase time="0.006" classname="org.springframework.samples.petclinic.jpa.HibernateEntityManagerClinicTests" name="testUpdatePet"/>
  <testcase time="0.009" classname="org.springframework.samples.petclinic.jpa.HibernateEntityManagerClinicTests" name="testInsertVisit"/>
</testsuite>